Arguments: 
  C:\Program Files\nodejs\node.exe C:\Users\Win10Pro\AppData\Roaming\npm\node_modules\yarn\bin\yarn.js add env-cmd nodemon --dev

PATH: 
  C:\Python27\;C:\Python27\Scripts;C:\Windows\system32;C:\Windows;C:\Windows\System32\Wbem;C:\Windows\System32\WindowsPowerShell\v1.0\;C:\Windows\System32\OpenSSH\;C:\ProgramData\chocolatey\bin;C:\Program Files (x86)\NVIDIA Corporation\PhysX\Common;C:\Program Files (x86)\GnuWin32\bin;C:\Program Files\nodejs\;C:\Users\Win10Pro\AppData\Local\Microsoft\WindowsApps;D:\Microsoft VS Code\bin;C:\Users\Win10Pro\AppData\Local\GitHubDesktop\bin;C:\Program Files\JetBrains\PyCharm Community Edition 2019.2.3\bin;;C:\Users\Win10Pro\AppData\Roaming\npm

Yarn version: 
  1.19.2

Node version: 
  13.0.1

Platform: 
  win32 x64

Trace: 
  Error: ENOENT: no such file or directory, lstat 'D:\Laba\src\server\node_modules\array-includes\implementation.js'

npm manifest: 
  {
    "name": "src",
    "version": "1.0.0",
    "description": "",
    "main": "app.js",
    "scripts": {
      "test": "echo \"Error: no test specified\" && exit 1",
      "start": "nodemon app.js"
    },
    "author": "",
    "license": "ISC",
    "dependencies": {
      "bcrypt": "^3.0.7",
      "body-parser": "^1.19.0",
      "cookie-parser": "^1.4.4",
      "ejs": "^3.0.1",
      "express": "^4.17.1",
      "express-session": "^1.17.0",
      "jsonwebtoken": "^8.5.1",
      "mongoose": "^5.7.12",
      "path": "^0.12.7",
      "pug": "^2.0.4"
    },
    "devDependencies": {
      "eslint": "^6.7.1",
      "eslint-plugin-react": "^7.16.0",
      "nodemon": "^2.0.1"
    }
  }

yarn manifest: 
  No manifest

Lockfile: 
  No lockfile
